{"/Users/adamstrzyzewski/Projects/node-course-3/m10-testing/api/models/User.js": {"path":"/Users/adamstrzyzewski/Projects/node-course-3/m10-testing/api/models/User.js","statementMap":{"0":{"start":{"line":1,"column":17},"end":{"line":1,"column":36}},"1":{"start":{"line":3,"column":15},"end":{"line":3,"column":30}},"2":{"start":{"line":5,"column":19},"end":{"line":16,"column":2}},"3":{"start":{"line":18,"column":13},"end":{"line":18,"column":60}},"4":{"start":{"line":20,"column":0},"end":{"line":20,"column":22}}},"fnMap":{},"branchMap":{},"s":{"0":1,"1":1,"2":1,"3":1,"4":1},"f":{},"b":{},"_coverageSchema":"1a1c01bbd47fc00a2c39e90264f33305004495a9","hash":"b0d878b69c92cb6786701bcee58ace40dc4c0768"}
,"/Users/adamstrzyzewski/Projects/node-course-3/m10-testing/api/routes/index.js": {"path":"/Users/adamstrzyzewski/Projects/node-course-3/m10-testing/api/routes/index.js","statementMap":{"0":{"start":{"line":1,"column":19},"end":{"line":1,"column":37}},"1":{"start":{"line":2,"column":13},"end":{"line":2,"column":38}},"2":{"start":{"line":4,"column":15},"end":{"line":4,"column":23}},"3":{"start":{"line":6,"column":19},"end":{"line":8,"column":1}},"4":{"start":{"line":7,"column":2},"end":{"line":7,"column":26}},"5":{"start":{"line":10,"column":14},"end":{"line":13,"column":1}},"6":{"start":{"line":11,"column":15},"end":{"line":11,"column":41}},"7":{"start":{"line":12,"column":2},"end":{"line":12,"column":28}},"8":{"start":{"line":15,"column":0},"end":{"line":15,"column":33}},"9":{"start":{"line":16,"column":0},"end":{"line":16,"column":38}},"10":{"start":{"line":17,"column":0},"end":{"line":17,"column":32}},"11":{"start":{"line":19,"column":0},"end":{"line":22,"column":3}},"12":{"start":{"line":20,"column":2},"end":{"line":20,"column":30}},"13":{"start":{"line":21,"column":2},"end":{"line":21,"column":47}},"14":{"start":{"line":24,"column":0},"end":{"line":35,"column":3}},"15":{"start":{"line":25,"column":35},"end":{"line":25,"column":44}},"16":{"start":{"line":26,"column":2},"end":{"line":26,"column":28}},"17":{"start":{"line":27,"column":2},"end":{"line":27,"column":34}},"18":{"start":{"line":29,"column":16},"end":{"line":32,"column":11}},"19":{"start":{"line":34,"column":2},"end":{"line":34,"column":18}},"20":{"start":{"line":37,"column":0},"end":{"line":41,"column":3}},"21":{"start":{"line":39,"column":2},"end":{"line":39,"column":28}},"22":{"start":{"line":40,"column":2},"end":{"line":40,"column":25}},"23":{"start":{"line":43,"column":0},"end":{"line":43,"column":24}}},"fnMap":{"0":{"name":"(anonymous_0)","decl":{"start":{"line":6,"column":19},"end":{"line":6,"column":20}},"loc":{"start":{"line":6,"column":33},"end":{"line":8,"column":1}},"line":6},"1":{"name":"(anonymous_1)","decl":{"start":{"line":10,"column":14},"end":{"line":10,"column":15}},"loc":{"start":{"line":10,"column":28},"end":{"line":13,"column":1}},"line":10},"2":{"name":"(anonymous_2)","decl":{"start":{"line":19,"column":22},"end":{"line":19,"column":23}},"loc":{"start":{"line":19,"column":42},"end":{"line":22,"column":1}},"line":19},"3":{"name":"(anonymous_3)","decl":{"start":{"line":24,"column":21},"end":{"line":24,"column":22}},"loc":{"start":{"line":24,"column":41},"end":{"line":35,"column":1}},"line":24},"4":{"name":"(anonymous_4)","decl":{"start":{"line":37,"column":24},"end":{"line":37,"column":25}},"loc":{"start":{"line":37,"column":44},"end":{"line":41,"column":1}},"line":37}},"branchMap":{"0":{"loc":{"start":{"line":11,"column":15},"end":{"line":11,"column":41}},"type":"binary-expr","locations":[{"start":{"line":11,"column":15},"end":{"line":11,"column":30}},{"start":{"line":11,"column":34},"end":{"line":11,"column":41}}],"line":11},"1":{"loc":{"start":{"line":25,"column":8},"end":{"line":25,"column":16}},"type":"default-arg","locations":[{"start":{"line":25,"column":15},"end":{"line":25,"column":16}}],"line":25},"2":{"loc":{"start":{"line":25,"column":18},"end":{"line":25,"column":30}},"type":"default-arg","locations":[{"start":{"line":25,"column":28},"end":{"line":25,"column":30}}],"line":25}},"s":{"0":1,"1":1,"2":1,"3":1,"4":1,"5":1,"6":2,"7":2,"8":1,"9":1,"10":1,"11":1,"12":2,"13":2,"14":1,"15":5,"16":5,"17":5,"18":5,"19":5,"20":1,"21":1,"22":1,"23":1},"f":{"0":1,"1":2,"2":2,"3":5,"4":1},"b":{"0":[2,1],"1":[2],"2":[2]},"_coverageSchema":"1a1c01bbd47fc00a2c39e90264f33305004495a9","hash":"edcd90a2e2bcd33c60466d23e8fc30e864eb833e"}
}
