TN:
SF:models/User.js
FNF:0
FNH:0
DA:1,1
DA:3,1
DA:5,1
DA:18,1
DA:20,1
LF:5
LH:5
BRF:0
BRH:0
end_of_record
TN:
SF:routes/index.js
FN:6,(anonymous_0)
FN:10,(anonymous_1)
FN:19,(anonymous_2)
FN:24,(anonymous_3)
FN:37,(anonymous_4)
FNF:5
FNH:5
FNDA:1,(anonymous_0)
FNDA:2,(anonymous_1)
FNDA:2,(anonymous_2)
FNDA:5,(anonymous_3)
FNDA:1,(anonymous_4)
DA:1,1
DA:2,1
DA:4,1
DA:6,1
DA:7,1
DA:10,1
DA:11,2
DA:12,2
DA:15,1
DA:16,1
DA:17,1
DA:19,1
DA:20,2
DA:21,2
DA:24,1
DA:25,5
DA:26,5
DA:27,5
DA:29,5
DA:34,5
DA:37,1
DA:39,1
DA:40,1
DA:43,1
LF:24
LH:24
BRDA:11,0,0,2
BRDA:11,0,1,1
BRDA:25,1,0,2
BRDA:25,2,0,2
BRF:4
BRH:4
end_of_record
